# JRE version: OpenJDK Runtime Environment (14.0.2+12) (build 14.0.2+12-46)
# Java VM: OpenJDK 64-Bit Server VM (14.0.2+12-46, mixed mode, tiered, compressed oops, g1 gc, windows-amd64)
Heap:
 garbage-first heap   total 242688K, used 1421K [0x00000000b2000000, 0x0000000100000000)
  region size 1024K, 1 young (1024K), 1 survivors (1024K)
 Metaspace       used 6804K, capacity 6938K, committed 7168K, reserved 1056768K
  class space    used 604K, capacity 649K, committed 768K, reserved 1048576K
GC Heap History (20 events):
Event: 2.467 GC heap after
{Heap after GC invocations=6 (full 0):
 garbage-first heap   total 79872K, used 1225K [0x00000000b2000000, 0x0000000100000000)
  region size 1024K, 2 young (2048K), 2 survivors (2048K)
 Metaspace       used 6804K, capacity 6938K, committed 7168K, reserved 1056768K
  class space    used 604K, capacity 649K, committed 768K, reserved 1048576K
}
Event: 2.481 GC heap before
{Heap before GC invocations=6 (full 0):
 garbage-first heap   total 79872K, used 45257K [0x00000000b2000000, 0x0000000100000000)
  region size 1024K, 46 young (47104K), 2 survivors (2048K)
 Metaspace       used 6804K, capacity 6938K, committed 7168K, reserved 1056768K
  class space    used 604K, capacity 649K, committed 768K, reserved 1048576K
}
Event: 2.484 GC heap after
{Heap after GC invocations=7 (full 0):
 garbage-first heap   total 79872K, used 1222K [0x00000000b2000000, 0x0000000100000000)
  region size 1024K, 2 young (2048K), 2 survivors (2048K)
 Metaspace       used 6804K, capacity 6938K, committed 7168K, reserved 1056768K
  class space    used 604K, capacity 649K, committed 768K, reserved 1048576K
}
Event: 2.498 GC heap before
{Heap before GC invocations=7 (full 0):
 garbage-first heap   total 79872K, used 45254K [0x00000000b2000000, 0x0000000100000000)
  region size 1024K, 46 young (47104K), 2 survivors (2048K)
 Metaspace       used 6804K, capacity 6938K, committed 7168K, reserved 1056768K
  class space    used 604K, capacity 649K, committed 768K, reserved 1048576K
}
Event: 2.500 GC heap after
{Heap after GC invocations=8 (full 0):
 garbage-first heap   total 79872K, used 1222K [0x00000000b2000000, 0x0000000100000000)
  region size 1024K, 2 young (2048K), 2 survivors (2048K)
 Metaspace       used 6804K, capacity 6938K, committed 7168K, reserved 1056768K
  class space    used 604K, capacity 649K, committed 768K, reserved 1048576K
}
Event: 2.512 GC heap before
{Heap before GC invocations=8 (full 0):
 garbage-first heap   total 79872K, used 45254K [0x00000000b2000000, 0x0000000100000000)
  region size 1024K, 46 young (47104K), 2 survivors (2048K)
 Metaspace       used 6804K, capacity 6938K, committed 7168K, reserved 1056768K
  class space    used 604K, capacity 649K, committed 768K, reserved 1048576K
}
Event: 2.515 GC heap after
{Heap after GC invocations=9 (full 0):
 garbage-first heap   total 79872K, used 1127K [0x00000000b2000000, 0x0000000100000000)
  region size 1024K, 2 young (2048K), 2 survivors (2048K)
 Metaspace       used 6804K, capacity 6938K, committed 7168K, reserved 1056768K
  class space    used 604K, capacity 649K, committed 768K, reserved 1048576K
}
Event: 2.528 GC heap before
{Heap before GC invocations=9 (full 0):
 garbage-first heap   total 79872K, used 45159K [0x00000000b2000000, 0x0000000100000000)
  region size 1024K, 46 young (47104K), 2 survivors (2048K)
 Metaspace       used 6804K, capacity 6938K, committed 7168K, reserved 1056768K
  class space    used 604K, capacity 649K, committed 768K, reserved 1048576K
}
Event: 2.531 GC heap after
{Heap after GC invocations=10 (full 0):
 garbage-first heap   total 79872K, used 1230K [0x00000000b2000000, 0x0000000100000000)
  region size 1024K, 2 young (2048K), 2 survivors (2048K)
 Metaspace       used 6804K, capacity 6938K, committed 7168K, reserved 1056768K
  class space    used 604K, capacity 649K, committed 768K, reserved 1048576K
}
Event: 2.544 GC heap before
{Heap before GC invocations=10 (full 0):
 garbage-first heap   total 79872K, used 45262K [0x00000000b2000000, 0x0000000100000000)
  region size 1024K, 46 young (47104K), 2 survivors (2048K)
 Metaspace       used 6804K, capacity 6938K, committed 7168K, reserved 1056768K
  class space    used 604K, capacity 649K, committed 768K, reserved 1048576K
}
Event: 2.547 GC heap after
{Heap after GC invocations=11 (full 0):
 garbage-first heap   total 79872K, used 1323K [0x00000000b2000000, 0x0000000100000000)
  region size 1024K, 2 young (2048K), 2 survivors (2048K)
 Metaspace       used 6804K, capacity 6938K, committed 7168K, reserved 1056768K
  class space    used 604K, capacity 649K, committed 768K, reserved 1048576K
}
Event: 2.559 GC heap before
{Heap before GC invocations=11 (full 0):
 garbage-first heap   total 79872K, used 45355K [0x00000000b2000000, 0x0000000100000000)
  region size 1024K, 46 young (47104K), 2 survivors (2048K)
 Metaspace       used 6804K, capacity 6938K, committed 7168K, reserved 1056768K
  class space    used 604K, capacity 649K, committed 768K, reserved 1048576K
}
Event: 2.563 GC heap after
{Heap after GC invocations=12 (full 0):
 garbage-first heap   total 113664K, used 1320K [0x00000000b2000000, 0x0000000100000000)
  region size 1024K, 2 young (2048K), 2 survivors (2048K)
 Metaspace       used 6804K, capacity 6938K, committed 7168K, reserved 1056768K
  class space    used 604K, capacity 649K, committed 768K, reserved 1048576K
}
Event: 2.605 GC heap before
{Heap before GC invocations=12 (full 0):
 garbage-first heap   total 113664K, used 65832K [0x00000000b2000000, 0x0000000100000000)
  region size 1024K, 66 young (67584K), 2 survivors (2048K)
 Metaspace       used 6804K, capacity 6938K, committed 7168K, reserved 1056768K
  class space    used 604K, capacity 649K, committed 768K, reserved 1048576K
}
Event: 2.608 GC heap after
{Heap after GC invocations=13 (full 0):
 garbage-first heap   total 113664K, used 1223K [0x00000000b2000000, 0x0000000100000000)
  region size 1024K, 2 young (2048K), 2 survivors (2048K)
 Metaspace       used 6804K, capacity 6938K, committed 7168K, reserved 1056768K
  class space    used 604K, capacity 649K, committed 768K, reserved 1048576K
}
Event: 2.624 GC heap before
{Heap before GC invocations=13 (full 0):
 garbage-first heap   total 113664K, used 65735K [0x00000000b2000000, 0x0000000100000000)
  region size 1024K, 66 young (67584K), 2 survivors (2048K)
 Metaspace       used 6804K, capacity 6938K, committed 7168K, reserved 1056768K
  class space    used 604K, capacity 649K, committed 768K, reserved 1048576K
}
Event: 2.627 GC heap after
{Heap after GC invocations=14 (full 0):
 garbage-first heap   total 113664K, used 1324K [0x00000000b2000000, 0x0000000100000000)
  region size 1024K, 2 young (2048K), 2 survivors (2048K)
 Metaspace       used 6804K, capacity 6938K, committed 7168K, reserved 1056768K
  class space    used 604K, capacity 649K, committed 768K, reserved 1048576K
}
Event: 2.640 GC heap before
{Heap before GC invocations=14 (full 0):
 garbage-first heap   total 113664K, used 65836K [0x00000000b2000000, 0x0000000100000000)
  region size 1024K, 66 young (67584K), 2 survivors (2048K)
 Metaspace       used 6804K, capacity 6938K, committed 7168K, reserved 1056768K
  class space    used 604K, capacity 649K, committed 768K, reserved 1048576K
}
Event: 2.643 GC heap after
{Heap after GC invocations=15 (full 0):
 garbage-first heap   total 113664K, used 1222K [0x00000000b2000000, 0x0000000100000000)
  region size 1024K, 2 young (2048K), 2 survivors (2048K)
 Metaspace       used 6804K, capacity 6938K, committed 7168K, reserved 1056768K
  class space    used 604K, capacity 649K, committed 768K, reserved 1048576K
}
Event: 2.668 GC heap before
{Heap before GC invocations=15 (full 0):
 garbage-first heap   total 113664K, used 65734K [0x00000000b2000000, 0x0000000100000000)
  region size 1024K, 66 young (67584K), 2 survivors (2048K)
 Metaspace       used 6804K, capacity 6938K, committed 7168K, reserved 1056768K
  class space    used 604K, capacity 649K, committed 768K, reserved 1048576K
}

