# JRE version: OpenJDK Runtime Environment (14.0.2+12) (build 14.0.2+12-46)
# Java VM: OpenJDK 64-Bit Server VM (14.0.2+12-46, mixed mode, tiered, compressed oops, g1 gc, windows-amd64)
Heap:
 garbage-first heap   total 177152K, used 1323K [0x00000000b2000000, 0x0000000100000000)
  region size 1024K, 2 young (2048K), 2 survivors (2048K)
 Metaspace       used 6804K, capacity 6938K, committed 7168K, reserved 1060864K
  class space    used 604K, capacity 649K, committed 768K, reserved 1048576K
GC Heap History (20 events):
Event: 7.639 GC heap after
{Heap after GC invocations=5 (full 0):
 garbage-first heap   total 79872K, used 1224K [0x00000000b2000000, 0x0000000100000000)
  region size 1024K, 2 young (2048K), 2 survivors (2048K)
 Metaspace       used 6804K, capacity 6938K, committed 7168K, reserved 1060864K
  class space    used 604K, capacity 649K, committed 768K, reserved 1048576K
}
Event: 7.655 GC heap before
{Heap before GC invocations=5 (full 0):
 garbage-first heap   total 79872K, used 45256K [0x00000000b2000000, 0x0000000100000000)
  region size 1024K, 46 young (47104K), 2 survivors (2048K)
 Metaspace       used 6804K, capacity 6938K, committed 7168K, reserved 1060864K
  class space    used 604K, capacity 649K, committed 768K, reserved 1048576K
}
Event: 7.659 GC heap after
{Heap after GC invocations=6 (full 0):
 garbage-first heap   total 79872K, used 1231K [0x00000000b2000000, 0x0000000100000000)
  region size 1024K, 2 young (2048K), 2 survivors (2048K)
 Metaspace       used 6804K, capacity 6938K, committed 7168K, reserved 1060864K
  class space    used 604K, capacity 649K, committed 768K, reserved 1048576K
}
Event: 7.674 GC heap before
{Heap before GC invocations=6 (full 0):
 garbage-first heap   total 79872K, used 45263K [0x00000000b2000000, 0x0000000100000000)
  region size 1024K, 46 young (47104K), 2 survivors (2048K)
 Metaspace       used 6804K, capacity 6938K, committed 7168K, reserved 1060864K
  class space    used 604K, capacity 649K, committed 768K, reserved 1048576K
}
Event: 7.677 GC heap after
{Heap after GC invocations=7 (full 0):
 garbage-first heap   total 79872K, used 1125K [0x00000000b2000000, 0x0000000100000000)
  region size 1024K, 2 young (2048K), 2 survivors (2048K)
 Metaspace       used 6804K, capacity 6938K, committed 7168K, reserved 1060864K
  class space    used 604K, capacity 649K, committed 768K, reserved 1048576K
}
Event: 7.693 GC heap before
{Heap before GC invocations=7 (full 0):
 garbage-first heap   total 79872K, used 45157K [0x00000000b2000000, 0x0000000100000000)
  region size 1024K, 46 young (47104K), 2 survivors (2048K)
 Metaspace       used 6804K, capacity 6938K, committed 7168K, reserved 1060864K
  class space    used 604K, capacity 649K, committed 768K, reserved 1048576K
}
Event: 7.696 GC heap after
{Heap after GC invocations=8 (full 0):
 garbage-first heap   total 79872K, used 1222K [0x00000000b2000000, 0x0000000100000000)
  region size 1024K, 2 young (2048K), 2 survivors (2048K)
 Metaspace       used 6804K, capacity 6938K, committed 7168K, reserved 1060864K
  class space    used 604K, capacity 649K, committed 768K, reserved 1048576K
}
Event: 7.710 GC heap before
{Heap before GC invocations=8 (full 0):
 garbage-first heap   total 79872K, used 45254K [0x00000000b2000000, 0x0000000100000000)
  region size 1024K, 46 young (47104K), 2 survivors (2048K)
 Metaspace       used 6804K, capacity 6938K, committed 7168K, reserved 1060864K
  class space    used 604K, capacity 649K, committed 768K, reserved 1048576K
}
Event: 7.713 GC heap after
{Heap after GC invocations=9 (full 0):
 garbage-first heap   total 79872K, used 1222K [0x00000000b2000000, 0x0000000100000000)
  region size 1024K, 2 young (2048K), 2 survivors (2048K)
 Metaspace       used 6804K, capacity 6938K, committed 7168K, reserved 1060864K
  class space    used 604K, capacity 649K, committed 768K, reserved 1048576K
}
Event: 7.725 GC heap before
{Heap before GC invocations=9 (full 0):
 garbage-first heap   total 79872K, used 45254K [0x00000000b2000000, 0x0000000100000000)
  region size 1024K, 46 young (47104K), 2 survivors (2048K)
 Metaspace       used 6804K, capacity 6938K, committed 7168K, reserved 1060864K
  class space    used 604K, capacity 649K, committed 768K, reserved 1048576K
}
Event: 7.728 GC heap after
{Heap after GC invocations=10 (full 0):
 garbage-first heap   total 79872K, used 1224K [0x00000000b2000000, 0x0000000100000000)
  region size 1024K, 2 young (2048K), 2 survivors (2048K)
 Metaspace       used 6804K, capacity 6938K, committed 7168K, reserved 1060864K
  class space    used 604K, capacity 649K, committed 768K, reserved 1048576K
}
Event: 7.741 GC heap before
{Heap before GC invocations=10 (full 0):
 garbage-first heap   total 79872K, used 45256K [0x00000000b2000000, 0x0000000100000000)
  region size 1024K, 46 young (47104K), 2 survivors (2048K)
 Metaspace       used 6804K, capacity 6938K, committed 7168K, reserved 1060864K
  class space    used 604K, capacity 649K, committed 768K, reserved 1048576K
}
Event: 7.744 GC heap after
{Heap after GC invocations=11 (full 0):
 garbage-first heap   total 79872K, used 1341K [0x00000000b2000000, 0x0000000100000000)
  region size 1024K, 2 young (2048K), 2 survivors (2048K)
 Metaspace       used 6804K, capacity 6938K, committed 7168K, reserved 1060864K
  class space    used 604K, capacity 649K, committed 768K, reserved 1048576K
}
Event: 7.757 GC heap before
{Heap before GC invocations=11 (full 0):
 garbage-first heap   total 79872K, used 45373K [0x00000000b2000000, 0x0000000100000000)
  region size 1024K, 46 young (47104K), 2 survivors (2048K)
 Metaspace       used 6804K, capacity 6938K, committed 7168K, reserved 1060864K
  class space    used 604K, capacity 649K, committed 768K, reserved 1048576K
}
Event: 7.759 GC heap after
{Heap after GC invocations=12 (full 0):
 garbage-first heap   total 79872K, used 1325K [0x00000000b2000000, 0x0000000100000000)
  region size 1024K, 2 young (2048K), 2 survivors (2048K)
 Metaspace       used 6804K, capacity 6938K, committed 7168K, reserved 1060864K
  class space    used 604K, capacity 649K, committed 768K, reserved 1048576K
}
Event: 7.774 GC heap before
{Heap before GC invocations=12 (full 0):
 garbage-first heap   total 79872K, used 45357K [0x00000000b2000000, 0x0000000100000000)
  region size 1024K, 46 young (47104K), 2 survivors (2048K)
 Metaspace       used 6804K, capacity 6938K, committed 7168K, reserved 1060864K
  class space    used 604K, capacity 649K, committed 768K, reserved 1048576K
}
Event: 7.776 GC heap after
{Heap after GC invocations=13 (full 0):
 garbage-first heap   total 79872K, used 1222K [0x00000000b2000000, 0x0000000100000000)
  region size 1024K, 2 young (2048K), 2 survivors (2048K)
 Metaspace       used 6804K, capacity 6938K, committed 7168K, reserved 1060864K
  class space    used 604K, capacity 649K, committed 768K, reserved 1048576K
}
Event: 7.790 GC heap before
{Heap before GC invocations=13 (full 0):
 garbage-first heap   total 79872K, used 45254K [0x00000000b2000000, 0x0000000100000000)
  region size 1024K, 46 young (47104K), 2 survivors (2048K)
 Metaspace       used 6804K, capacity 6938K, committed 7168K, reserved 1060864K
  class space    used 604K, capacity 649K, committed 768K, reserved 1048576K
}
Event: 7.794 GC heap after
{Heap after GC invocations=14 (full 0):
 garbage-first heap   total 79872K, used 1318K [0x00000000b2000000, 0x0000000100000000)
  region size 1024K, 2 young (2048K), 2 survivors (2048K)
 Metaspace       used 6804K, capacity 6938K, committed 7168K, reserved 1060864K
  class space    used 604K, capacity 649K, committed 768K, reserved 1048576K
}
Event: 7.808 GC heap before
{Heap before GC invocations=14 (full 0):
 garbage-first heap   total 79872K, used 45350K [0x00000000b2000000, 0x0000000100000000)
  region size 1024K, 46 young (47104K), 2 survivors (2048K)
 Metaspace       used 6804K, capacity 6938K, committed 7168K, reserved 1060864K
  class space    used 604K, capacity 649K, committed 768K, reserved 1048576K
}

